<?xml version="1.0" encoding="UTF-8"?>
<testsuite name="ResidentServiceTest" tests="4" skipped="0" failures="0" errors="0" timestamp="2025-01-21T08:56:32" hostname="DESKTOP-OUJ7GAG" time="2.592">
  <properties/>
  <testcase name="testUpdateResidentNotFound()" classname="ResidentServiceTest" time="2.401"/>
  <testcase name="testAddResidentSuccessfully()" classname="ResidentServiceTest" time="0.101"/>
  <testcase name="testSortResidentsByName()" classname="ResidentServiceTest" time="0.011"/>
  <testcase name="testAddResidentWithInvalidData()" classname="ResidentServiceTest" time="0.009"/>
  <system-out><![CDATA[]]></system-out>
  <system-err><![CDATA[WARNING: A Java agent has been loaded dynamically (C:\Users\onoka\.gradle\caches\modules-2\files-2.1\net.bytebuddy\byte-buddy-agent\1.14.6\46e2545d7a97b6ccb195621650c5957279eb4812\byte-buddy-agent-1.14.6.jar)
WARNING: If a serviceability tool is in use, please run with -XX:+EnableDynamicAgentLoading to hide this warning
WARNING: If a serviceability tool is not in use, please run with -Djdk.instrument.traceUsage for more information
WARNING: Dynamic loading of agents will be disallowed by default in a future release
]]></system-err>
</testsuite>
